12 十二月 2016 04:44:49,131 INFO  [main] (org.apache.commons.vfs2.VfsLog.info:138)  - Using "/var/folders/k0/2jj5qmbn05ggdrzl32djvqd40000gn/T/vfs_cache" as temporary files store.
12 十二月 2016 04:44:54,263 ERROR [main] (com.cenrise.excelinput.ExcelInput.getRowFromWorkbooks:485)  - 错误处理 Excel 文件 [null] 中的行 : java.lang.NullPointerException
java.lang.NullPointerException
	at com.cenrise.excelinput.ExcelInput.getRowFromWorkbooks(ExcelInput.java:384)
	at com.cenrise.excelinput.ExcelInput.processRow(ExcelInput.java:295)
	at com.cenrise.excelinput.ExcelInput.main(ExcelInput.java:622)
12 十二月 2016 04:47:40,034 INFO  [main] (org.apache.commons.vfs2.VfsLog.info:138)  - Using "/var/folders/k0/2jj5qmbn05ggdrzl32djvqd40000gn/T/vfs_cache" as temporary files store.
12 十二月 2016 04:47:57,218 ERROR [main] (com.cenrise.excelinput.ExcelInput.getRowFromWorkbooks:485)  - 错误处理 Excel 文件 [null] 中的行 : java.lang.NullPointerException
java.lang.NullPointerException
	at com.cenrise.excelinput.ExcelInput.getRowFromWorkbooks(ExcelInput.java:384)
	at com.cenrise.excelinput.ExcelInput.processRow(ExcelInput.java:295)
	at com.cenrise.excelinput.ExcelInput.main(ExcelInput.java:623)
12 十二月 2016 04:48:04,383 INFO  [main] (org.apache.commons.vfs2.VfsLog.info:138)  - Using "/var/folders/k0/2jj5qmbn05ggdrzl32djvqd40000gn/T/vfs_cache" as temporary files store.
12 十二月 2016 04:53:27,769 INFO  [main] (org.apache.commons.vfs2.VfsLog.info:138)  - Using "/var/folders/k0/2jj5qmbn05ggdrzl32djvqd40000gn/T/vfs_cache" as temporary files store.
12 十二月 2016 04:53:43,863 INFO  [main] (com.cenrise.excelinput.ExcelInput.getRowFromWorkbooks:388)  - 打开文件 #0 : /Users/yp-tc-m-2684/Downloads/B2T/20160905142026sale.xls
12 十二月 2016 04:55:54,078 INFO  [main] (com.cenrise.excelinput.ExcelInput.getRowFromWorkbooks:435)  - 从表单 #5 获取行 # 0.0
12 十二月 2016 04:55:55,083 INFO  [main] (com.cenrise.excelinput.ExcelInput.getRowFromWorkbooks:436)  - 读取17个单元格的行
12 十二月 2016 04:56:09,879 ERROR [main] (com.cenrise.excelinput.ExcelInput.getRowFromWorkbooks:485)  - 错误处理 Excel 文件 [/Users/yp-tc-m-2684/Downloads/B2T/20160905142026sale.xls] 中的行 : java.lang.NullPointerException
java.lang.NullPointerException
	at com.cenrise.excelinput.ExcelInput.fillRow(ExcelInput.java:57)
	at com.cenrise.excelinput.ExcelInput.getRowFromWorkbooks(ExcelInput.java:439)
	at com.cenrise.excelinput.ExcelInput.processRow(ExcelInput.java:295)
	at com.cenrise.excelinput.ExcelInput.main(ExcelInput.java:623)
12 十二月 2016 04:56:20,031 INFO  [main] (org.apache.commons.vfs2.VfsLog.info:138)  - Using "/var/folders/k0/2jj5qmbn05ggdrzl32djvqd40000gn/T/vfs_cache" as temporary files store.
12 十二月 2016 04:56:30,687 INFO  [main] (com.cenrise.excelinput.ExcelInput.getRowFromWorkbooks:388)  - 打开文件 #0 : /Users/yp-tc-m-2684/Downloads/B2T/20160905142026sale.xls
12 十二月 2016 04:56:30,839 INFO  [main] (com.cenrise.excelinput.ExcelInput.getRowFromWorkbooks:435)  - 从表单 #5 获取行 # 0.0
12 十二月 2016 04:56:30,839 INFO  [main] (com.cenrise.excelinput.ExcelInput.getRowFromWorkbooks:436)  - 读取17个单元格的行
12 十二月 2016 04:56:41,432 ERROR [main] (com.cenrise.excelinput.ExcelInput.getRowFromWorkbooks:485)  - 错误处理 Excel 文件 [/Users/yp-tc-m-2684/Downloads/B2T/20160905142026sale.xls] 中的行 : java.lang.NullPointerException
java.lang.NullPointerException
	at com.cenrise.excelinput.ExcelInput.fillRow(ExcelInput.java:57)
	at com.cenrise.excelinput.ExcelInput.getRowFromWorkbooks(ExcelInput.java:439)
	at com.cenrise.excelinput.ExcelInput.processRow(ExcelInput.java:295)
	at com.cenrise.excelinput.ExcelInput.main(ExcelInput.java:623)
